<?xml version="1.0" encoding="UTF-8"?>
<!-- Generated by org.testng.reporters.JUnitReportReporter -->
<testsuite hostname="Navaishu" failures="0" tests="1" name="test.TestMaven" time="43.932" errors="0" timestamp="2024-04-06T12:46:56 IST" skipped="0">
  <testcase classname="test.TestMaven" name="test" time="43.932"/>
</testsuite> <!-- test.TestMaven -->
