<?xml version="1.0" encoding="UTF-8"?>
<!-- Generated by org.testng.reporters.JUnitReportReporter -->
<testsuite hostname="Navaishu" failures="0" tests="1" name="test.TestMaven" time="61.137" errors="0" timestamp="2024-05-14T11:43:46 IST" skipped="0">
  <testcase classname="test.TestMaven" name="test" time="61.137"/>
</testsuite> <!-- test.TestMaven -->
